<?xml version="1.0" encoding="UTF-8"?>
<!-- Generated by org.testng.reporters.JUnitXMLReporter -->
<testsuite ignored="0" hostname="Preyal" failures="0" tests="3" name="Testcase_ID" time="0.124" errors="0" timestamp="2020-12-21T15:09:02 EST">
  <testcase classname="selenium1.TestNGdatainsert" name="Readdata" time="0.015"/>
  <testcase classname="selenium1.TestNGdatainsert" name="Readdata" time="0.003"/>
  <testcase classname="selenium1.TestNGdatainsert" name="Readdata" time="0.002"/>
</testsuite> <!-- Testcase_ID -->
