<?xml version="1.0" encoding="UTF-8"?>
<!-- Generated by org.testng.reporters.JUnitXMLReporter -->
<testsuite ignored="0" hostname="Preyal" failures="0" tests="3" name="Testcase_ID1" time="0.043" errors="0" timestamp="2020-12-21T15:09:02 EST">
  <testcase classname="selenium1.TestNgexaple" name="Writetestcase" time="0.007"/>
  <testcase classname="selenium1.TestNgexaple" name="Execute_test" time="0.002"/>
  <testcase classname="selenium1.TestNgexaple" name="Defect_log" time="0.005"/>
</testsuite> <!-- Testcase_ID1 -->
