<?xml version="1.0" encoding="UTF-8"?>
<!-- Generated by org.testng.reporters.JUnitXMLReporter -->
<testsuite ignored="0" hostname="Preyal" failures="0" tests="3" name="Testcase_ID1" time="0.021" errors="0" timestamp="2021-03-14T10:46:00 GMT-04:00">
  <testcase classname="selenium1.TestNgexaple" name="Writetestcase" time="0.002"/>
  <testcase classname="selenium1.TestNgexaple" name="Execute_test" time="0.002"/>
  <testcase classname="selenium1.TestNgexaple" name="Defect_log" time="0.003"/>
</testsuite> <!-- Testcase_ID1 -->
