<?xml version="1.0" encoding="UTF-8"?>
<!-- Generated by org.testng.reporters.JUnitXMLReporter -->
<testsuite ignored="0" hostname="Preyal" failures="0" tests="3" name="Testcase_ID" time="0.075" errors="0" timestamp="2021-03-14T10:46:00 GMT-04:00">
  <testcase classname="selenium1.TestNGdatainsert" name="Readdata" time="0.009"/>
  <testcase classname="selenium1.TestNGdatainsert" name="Readdata" time="0.005"/>
  <testcase classname="selenium1.TestNGdatainsert" name="Readdata" time="0.002"/>
</testsuite> <!-- Testcase_ID -->
